<?xml version="1.0" encoding="UTF-8"?>
<!-- Generated by org.testng.reporters.JUnitXMLReporter -->
<testsuite ignored="0" hostname="DESKTOP-FGAHRNQ" failures="0" tests="0" name="Test" time="0.253" errors="0" timestamp="2023-10-25T17:44:17 IST">
  <testcase classname="io.cucumber.testng.AbstractTestNGCucumberTests" name="@BeforeClass setUpClass" time="0.191">
    <failure type="java.nio.file.InvalidPathException" message="Illegal char &amp;lt;	&amp;gt; at index 48: D:/Automation folder/workspace/Swag_Cucumber/src	estesourceseatures">
      <![CDATA[java.nio.file.InvalidPathException: Illegal char <> at index 48: D:/Automation folder/workspace/Swag_Cucumber/srcest
esourceseatures
at java.base/sun.nio.fs.WindowsPathParser.normalize(WindowsPathParser.java:182)
at java.base/sun.nio.fs.WindowsPathParser.parse(WindowsPathParser.java:153)
at java.base/sun.nio.fs.WindowsPathParser.parse(WindowsPathParser.java:77)
at java.base/sun.nio.fs.WindowsPath.parse(WindowsPath.java:92)
at java.base/sun.nio.fs.WindowsUriSupport.fromUri(WindowsUriSupport.java:166)
at java.base/sun.nio.fs.WindowsFileSystemProvider.getPath(WindowsFileSystemProvider.java:98)
at java.base/java.nio.file.Path.of(Path.java:203)
at java.base/java.nio.file.Paths.get(Paths.java:98)
at io.cucumber.core.resource.CloseablePath.open(CloseablePath.java:23)
at io.cucumber.core.resource.PathScanner.open(PathScanner.java:39)
at io.cucumber.core.resource.PathScanner.findResourcesForUri(PathScanner.java:26)
at io.cucumber.core.resource.ResourceScanner.findResourcesForUri(ResourceScanner.java:61)
at io.cucumber.core.resource.ResourceScanner.scanForResourcesUri(ResourceScanner.java:134)
at io.cucumber.core.runtime.FeaturePathFeatureSupplier.loadFeatures(FeaturePathFeatureSupplier.java:62)
at io.cucumber.core.runtime.FeaturePathFeatureSupplier.get(FeaturePathFeatureSupplier.java:45)
at io.cucumber.testng.TestNGCucumberRunner.<init>(TestNGCucumberRunner.java:107)
at io.cucumber.testng.AbstractTestNGCucumberTests.setUpClass(AbstractTestNGCucumberTests.java:23)
at java.base/java.util.ArrayList.forEach(ArrayList.java:1511)
... Removed 25 stack frames]]>
    </failure>
  </testcase> <!-- @BeforeClass setUpClass -->
</testsuite> <!-- Test -->
